<?xml version="1.0" encoding="UTF-8"?>
<!-- Generated by org.testng.reporters.JUnitXMLReporter -->
<testsuite hostname="DESKTOP-8PL2JVR" ignored="0" name="Test" tests="3" failures="1" timestamp="27 Jun 2022 02:54:51 GMT" time="0.26" errors="0">
  <testcase name="failtest" time="0.012" classname="com.test.LoginTest"/>
  <testcase name="passtest" time="0.001" classname="com.test.LoginTest">
    <failure type="java.lang.NullPointerException">
      <![CDATA[java.lang.NullPointerException
at com.test.LoginTest.passtest(LoginTest.java:27)
... Removed 29 stack frames]]>
    </failure>
  </testcase> <!-- passtest -->
  <testcase name="skiptest" time="0.0" classname="com.test.LoginTest">
    <skipped/>
  </testcase> <!-- skiptest -->
</testsuite> <!-- Test -->
