-------------------------------------------------------------------------------
Test set: TestSuite
-------------------------------------------------------------------------------
Tests run: 3, Failures: 1, Errors: 0, Skipped: 1, Time elapsed: 7.414 s <<< FAILURE! - in TestSuite
com.test.LoginTest.passtest  Time elapsed: 0.006 s  <<< FAILURE!
java.lang.NullPointerException
	at com.test.LoginTest.passtest(LoginTest.java:27)

